2025-04-22 10:36:33,667 - INFO - Running SQL...
2025-04-22 10:36:33,667 - INFO - SQL successfully ran. Moving to target dataframe.
2025-04-22 10:36:42,272 - INFO -                                                    1
0  CTSTRSGA        98147    20250422 09:36:38G017...
1  CTSTRSGA        203008   20250422 09:36:38G017...
2  CTSTRSGA        249563   20250422 09:36:38G017...
3  CTSTRSGA        249563   20250422 09:36:38G017...
4  CTSTRSGA        2013     20250422 09:36:38G017...
2025-04-22 10:36:42,274 - INFO - Transforming values to strings
2025-04-22 10:36:42,274 - INFO - ::::::::::::::::::: Filled NA:

 	                                                   1
0  CTSTRSGA        98147    20250422 09:36:38G017...
1  CTSTRSGA        203008   20250422 09:36:38G017...
2  CTSTRSGA        249563   20250422 09:36:38G017...
3  CTSTRSGA        249563   20250422 09:36:38G017...
4  CTSTRSGA        2013     20250422 09:36:38G017...
2025-04-22 10:36:42,274 - INFO - Removing beginning parenthesis and quotations...
2025-04-22 10:36:42,274 - INFO - Removing ending parenthesis and quotations...
2025-04-22 10:36:42,274 - INFO - Created temp
2025-04-22 10:36:42,308 - INFO - Created tabulated content
2025-04-22 10:36:42,309 - INFO - Deleted temp files and df
2025-04-22 10:36:44,277 - INFO - Preparing to send email...
2025-04-22 10:38:13,059 - INFO - Running SQL...
2025-04-22 10:38:13,059 - INFO - SQL successfully ran. Moving to target dataframe.
2025-04-22 10:38:19,475 - INFO -                                                    1
0  CTSCASGA        237864   20250422 09:38:17G017...
1  CTSCASGA        250636   20250422 09:38:17G017...
2  CTSCASGA        253837   20250422 09:38:17G017...
3  CTSCASGA        255701   20250422 09:38:17G017...
4  CTSCASGA        264175   20250422 09:38:17G017...
2025-04-22 10:38:19,483 - INFO - Transforming values to strings
2025-04-22 10:38:19,487 - INFO - ::::::::::::::::::: Filled NA:

 	                                                   1
0  CTSCASGA        237864   20250422 09:38:17G017...
1  CTSCASGA        250636   20250422 09:38:17G017...
2  CTSCASGA        253837   20250422 09:38:17G017...
3  CTSCASGA        255701   20250422 09:38:17G017...
4  CTSCASGA        264175   20250422 09:38:17G017...
2025-04-22 10:38:19,488 - INFO - Removing beginning parenthesis and quotations...
2025-04-22 10:38:19,490 - INFO - Removing ending parenthesis and quotations...
2025-04-22 10:38:19,491 - INFO - Created temp
2025-04-22 10:38:19,501 - INFO - Created tabulated content
2025-04-22 10:38:19,501 - INFO - Deleted temp files and df
2025-04-22 10:38:20,498 - INFO - Preparing to send email...
2025-04-22 10:40:09,210 - INFO - Running SQL...
2025-04-22 10:40:09,210 - INFO - SQL successfully ran. Moving to target dataframe.
2025-04-22 10:40:16,313 - INFO -                                                    1
0  CTSTRSGA        284771   20250422 09:40:13G017...
1  CTSTRSGA        269575   20250422 09:40:13G017...
2  CTSTRSGA        274610   20250422 09:40:13G017...
3  CTSTRSGA        288181   20250422 09:40:13G017...
4  CTSTRSGA        304903   20250422 09:40:13G017...
2025-04-22 10:40:16,316 - INFO - Transforming values to strings
2025-04-22 10:40:16,318 - INFO - ::::::::::::::::::: Filled NA:

 	                                                   1
0  CTSTRSGA        284771   20250422 09:40:13G017...
1  CTSTRSGA        269575   20250422 09:40:13G017...
2  CTSTRSGA        274610   20250422 09:40:13G017...
3  CTSTRSGA        288181   20250422 09:40:13G017...
4  CTSTRSGA        304903   20250422 09:40:13G017...
2025-04-22 10:40:16,319 - INFO - Removing beginning parenthesis and quotations...
2025-04-22 10:40:16,321 - INFO - Removing ending parenthesis and quotations...
2025-04-22 10:40:16,323 - INFO - Created temp
2025-04-22 10:40:16,337 - INFO - Created tabulated content
2025-04-22 10:40:16,337 - INFO - Deleted temp files and df
2025-04-22 10:40:17,262 - INFO - Preparing to send email...
